Performing C SOURCE FILE Test CMAKE_HAVE_LIBC_PTHREAD failed with the following output:
Change Dir: /data/code/ceres_study/slambook2/ch9/build/CMakeFiles/CMakeTmp

Run Build Command(s):/usr/bin/make -f Makefile cmTC_3d2ca/fast && /usr/bin/make  -f CMakeFiles/cmTC_3d2ca.dir/build.make CMakeFiles/cmTC_3d2ca.dir/build
make[1]: 进入目录“/data/code/ceres_study/slambook2/ch9/build/CMakeFiles/CMakeTmp”
Building C object CMakeFiles/cmTC_3d2ca.dir/src.c.o
/usr/bin/cc -DCMAKE_HAVE_LIBC_PTHREAD   -o CMakeFiles/cmTC_3d2ca.dir/src.c.o -c /data/code/ceres_study/slambook2/ch9/build/CMakeFiles/CMakeTmp/src.c
Linking C executable cmTC_3d2ca
/home/frans/soft/cmake/cmake-3.22.3/bin/cmake -E cmake_link_script CMakeFiles/cmTC_3d2ca.dir/link.txt --verbose=1
/usr/bin/cc -rdynamic CMakeFiles/cmTC_3d2ca.dir/src.c.o -o cmTC_3d2ca 
/usr/bin/ld: CMakeFiles/cmTC_3d2ca.dir/src.c.o: in function `main':
src.c:(.text+0x46): undefined reference to `pthread_create'
/usr/bin/ld: src.c:(.text+0x52): undefined reference to `pthread_detach'
/usr/bin/ld: src.c:(.text+0x5e): undefined reference to `pthread_cancel'
/usr/bin/ld: src.c:(.text+0x6f): undefined reference to `pthread_join'
collect2: error: ld returned 1 exit status
make[1]: *** [CMakeFiles/cmTC_3d2ca.dir/build.make:99：cmTC_3d2ca] 错误 1
make[1]: 离开目录“/data/code/ceres_study/slambook2/ch9/build/CMakeFiles/CMakeTmp”
make: *** [Makefile:127：cmTC_3d2ca/fast] 错误 2


Source file was:
#include <pthread.h>

static void* test_func(void* data)
{
  return data;
}

int main(void)
{
  pthread_t thread;
  pthread_create(&thread, NULL, test_func, NULL);
  pthread_detach(thread);
  pthread_cancel(thread);
  pthread_join(thread, NULL);
  pthread_atfork(NULL, NULL, NULL);
  pthread_exit(NULL);

  return 0;
}

Determining if the function pthread_create exists in the pthreads failed with the following output:
Change Dir: /data/code/ceres_study/slambook2/ch9/build/CMakeFiles/CMakeTmp

Run Build Command(s):/usr/bin/make -f Makefile cmTC_41c52/fast && /usr/bin/make  -f CMakeFiles/cmTC_41c52.dir/build.make CMakeFiles/cmTC_41c52.dir/build
make[1]: 进入目录“/data/code/ceres_study/slambook2/ch9/build/CMakeFiles/CMakeTmp”
Building C object CMakeFiles/cmTC_41c52.dir/CheckFunctionExists.c.o
/usr/bin/cc   -DCHECK_FUNCTION_EXISTS=pthread_create -o CMakeFiles/cmTC_41c52.dir/CheckFunctionExists.c.o -c /home/frans/soft/cmake/cmake-3.22.3/Modules/CheckFunctionExists.c
Linking C executable cmTC_41c52
/home/frans/soft/cmake/cmake-3.22.3/bin/cmake -E cmake_link_script CMakeFiles/cmTC_41c52.dir/link.txt --verbose=1
/usr/bin/cc  -DCHECK_FUNCTION_EXISTS=pthread_create -rdynamic CMakeFiles/cmTC_41c52.dir/CheckFunctionExists.c.o -o cmTC_41c52  -lpthreads 
/usr/bin/ld: 找不到 -lpthreads
collect2: error: ld returned 1 exit status
make[1]: *** [CMakeFiles/cmTC_41c52.dir/build.make:99：cmTC_41c52] 错误 1
make[1]: 离开目录“/data/code/ceres_study/slambook2/ch9/build/CMakeFiles/CMakeTmp”
make: *** [Makefile:127：cmTC_41c52/fast] 错误 2



Determining if the function sgemm_ exists failed with the following output:
Change Dir: /data/code/ceres_study/slambook2/ch9/build/CMakeFiles/CMakeTmp

Run Build Command(s):/usr/bin/make -f Makefile cmTC_180f4/fast && /usr/bin/make  -f CMakeFiles/cmTC_180f4.dir/build.make CMakeFiles/cmTC_180f4.dir/build
make[1]: 进入目录“/data/code/ceres_study/slambook2/ch9/build/CMakeFiles/CMakeTmp”
Building C object CMakeFiles/cmTC_180f4.dir/CheckFunctionExists.c.o
/usr/bin/cc   -DCHECK_FUNCTION_EXISTS=sgemm_ -o CMakeFiles/cmTC_180f4.dir/CheckFunctionExists.c.o -c /home/frans/soft/cmake/cmake-3.22.3/Modules/CheckFunctionExists.c
Linking C executable cmTC_180f4
/home/frans/soft/cmake/cmake-3.22.3/bin/cmake -E cmake_link_script CMakeFiles/cmTC_180f4.dir/link.txt --verbose=1
/usr/bin/cc  -DCHECK_FUNCTION_EXISTS=sgemm_ -rdynamic CMakeFiles/cmTC_180f4.dir/CheckFunctionExists.c.o -o cmTC_180f4 
/usr/bin/ld: CMakeFiles/cmTC_180f4.dir/CheckFunctionExists.c.o: in function `main':
CheckFunctionExists.c:(.text+0x14): undefined reference to `sgemm_'
collect2: error: ld returned 1 exit status
make[1]: *** [CMakeFiles/cmTC_180f4.dir/build.make:99：cmTC_180f4] 错误 1
make[1]: 离开目录“/data/code/ceres_study/slambook2/ch9/build/CMakeFiles/CMakeTmp”
make: *** [Makefile:127：cmTC_180f4/fast] 错误 2



Determining if the function cheev_ exists failed with the following output:
Change Dir: /data/code/ceres_study/slambook2/ch9/build/CMakeFiles/CMakeTmp

Run Build Command(s):/usr/bin/make -f Makefile cmTC_4fe71/fast && /usr/bin/make  -f CMakeFiles/cmTC_4fe71.dir/build.make CMakeFiles/cmTC_4fe71.dir/build
make[1]: 进入目录“/data/code/ceres_study/slambook2/ch9/build/CMakeFiles/CMakeTmp”
Building C object CMakeFiles/cmTC_4fe71.dir/CheckFunctionExists.c.o
/usr/bin/cc   -DCHECK_FUNCTION_EXISTS=cheev_ -o CMakeFiles/cmTC_4fe71.dir/CheckFunctionExists.c.o -c /home/frans/soft/cmake/cmake-3.22.3/Modules/CheckFunctionExists.c
Linking C executable cmTC_4fe71
/home/frans/soft/cmake/cmake-3.22.3/bin/cmake -E cmake_link_script CMakeFiles/cmTC_4fe71.dir/link.txt --verbose=1
/usr/bin/cc  -DCHECK_FUNCTION_EXISTS=cheev_ -rdynamic CMakeFiles/cmTC_4fe71.dir/CheckFunctionExists.c.o -o cmTC_4fe71  /usr/lib/x86_64-linux-gnu/libblas.so /usr/lib/x86_64-linux-gnu/libf77blas.so /usr/lib/x86_64-linux-gnu/libatlas.so -lpthread -lm -ldl 
/usr/bin/ld: CMakeFiles/cmTC_4fe71.dir/CheckFunctionExists.c.o: in function `main':
CheckFunctionExists.c:(.text+0x14): undefined reference to `cheev_'
collect2: error: ld returned 1 exit status
make[1]: *** [CMakeFiles/cmTC_4fe71.dir/build.make:102：cmTC_4fe71] 错误 1
make[1]: 离开目录“/data/code/ceres_study/slambook2/ch9/build/CMakeFiles/CMakeTmp”
make: *** [Makefile:127：cmTC_4fe71/fast] 错误 2



Determining if the function cheev_ exists failed with the following output:
Change Dir: /data/code/ceres_study/slambook2/ch9/build/CMakeFiles/CMakeTmp

Run Build Command(s):/usr/bin/make -f Makefile cmTC_c9037/fast && /usr/bin/make  -f CMakeFiles/cmTC_c9037.dir/build.make CMakeFiles/cmTC_c9037.dir/build
make[1]: 进入目录“/data/code/ceres_study/slambook2/ch9/build/CMakeFiles/CMakeTmp”
Building C object CMakeFiles/cmTC_c9037.dir/CheckFunctionExists.c.o
/usr/bin/cc   -DCHECK_FUNCTION_EXISTS=cheev_ -o CMakeFiles/cmTC_c9037.dir/CheckFunctionExists.c.o -c /home/frans/soft/cmake/cmake-3.22.3/Modules/CheckFunctionExists.c
Linking C executable cmTC_c9037
/home/frans/soft/cmake/cmake-3.22.3/bin/cmake -E cmake_link_script CMakeFiles/cmTC_c9037.dir/link.txt --verbose=1
/usr/bin/cc  -DCHECK_FUNCTION_EXISTS=cheev_ -rdynamic CMakeFiles/cmTC_c9037.dir/CheckFunctionExists.c.o -o cmTC_c9037  /usr/lib/x86_64-linux-gnu/liblapack.so /usr/lib/x86_64-linux-gnu/libblas.so /usr/lib/x86_64-linux-gnu/libf77blas.so /usr/lib/x86_64-linux-gnu/libatlas.so -fortranlibs 
cc: error: unrecognized command line option ‘-fortranlibs’
make[1]: *** [CMakeFiles/cmTC_c9037.dir/build.make:103：cmTC_c9037] 错误 1
make[1]: 离开目录“/data/code/ceres_study/slambook2/ch9/build/CMakeFiles/CMakeTmp”
make: *** [Makefile:127：cmTC_c9037/fast] 错误 2



