Performing C SOURCE FILE Test CMAKE_HAVE_LIBC_PTHREAD failed with the following output:
Change Dir: /home/frans/code/learn_slam/slam-/lio/chapter_1/build/CMakeFiles/CMakeTmp

Run Build Command(s):/usr/bin/make -f Makefile cmTC_d87bf/fast && /usr/bin/make  -f CMakeFiles/cmTC_d87bf.dir/build.make CMakeFiles/cmTC_d87bf.dir/build
make[1]: 进入目录“/home/frans/code/learn_slam/slam-/lio/chapter_1/build/CMakeFiles/CMakeTmp”
Building C object CMakeFiles/cmTC_d87bf.dir/src.c.o
/usr/bin/cc -DCMAKE_HAVE_LIBC_PTHREAD   -o CMakeFiles/cmTC_d87bf.dir/src.c.o -c /home/frans/code/learn_slam/slam-/lio/chapter_1/build/CMakeFiles/CMakeTmp/src.c
Linking C executable cmTC_d87bf
/usr/local/bin/cmake -E cmake_link_script CMakeFiles/cmTC_d87bf.dir/link.txt --verbose=1
/usr/bin/cc -rdynamic CMakeFiles/cmTC_d87bf.dir/src.c.o -o cmTC_d87bf 
/usr/bin/ld: CMakeFiles/cmTC_d87bf.dir/src.c.o: in function `main':
src.c:(.text+0x46): undefined reference to `pthread_create'
/usr/bin/ld: src.c:(.text+0x52): undefined reference to `pthread_detach'
/usr/bin/ld: src.c:(.text+0x5e): undefined reference to `pthread_cancel'
/usr/bin/ld: src.c:(.text+0x6f): undefined reference to `pthread_join'
collect2: error: ld returned 1 exit status
make[1]: *** [CMakeFiles/cmTC_d87bf.dir/build.make:99：cmTC_d87bf] 错误 1
make[1]: 离开目录“/home/frans/code/learn_slam/slam-/lio/chapter_1/build/CMakeFiles/CMakeTmp”
make: *** [Makefile:127：cmTC_d87bf/fast] 错误 2


Source file was:
#include <pthread.h>

static void* test_func(void* data)
{
  return data;
}

int main(void)
{
  pthread_t thread;
  pthread_create(&thread, NULL, test_func, NULL);
  pthread_detach(thread);
  pthread_cancel(thread);
  pthread_join(thread, NULL);
  pthread_atfork(NULL, NULL, NULL);
  pthread_exit(NULL);

  return 0;
}

Determining if the function pthread_create exists in the pthreads failed with the following output:
Change Dir: /home/frans/code/learn_slam/slam-/lio/chapter_1/build/CMakeFiles/CMakeTmp

Run Build Command(s):/usr/bin/make -f Makefile cmTC_47d3d/fast && /usr/bin/make  -f CMakeFiles/cmTC_47d3d.dir/build.make CMakeFiles/cmTC_47d3d.dir/build
make[1]: 进入目录“/home/frans/code/learn_slam/slam-/lio/chapter_1/build/CMakeFiles/CMakeTmp”
Building C object CMakeFiles/cmTC_47d3d.dir/CheckFunctionExists.c.o
/usr/bin/cc   -DCHECK_FUNCTION_EXISTS=pthread_create -o CMakeFiles/cmTC_47d3d.dir/CheckFunctionExists.c.o -c /usr/local/share/cmake-3.22/Modules/CheckFunctionExists.c
Linking C executable cmTC_47d3d
/usr/local/bin/cmake -E cmake_link_script CMakeFiles/cmTC_47d3d.dir/link.txt --verbose=1
/usr/bin/cc  -DCHECK_FUNCTION_EXISTS=pthread_create -rdynamic CMakeFiles/cmTC_47d3d.dir/CheckFunctionExists.c.o -o cmTC_47d3d  -lpthreads 
/usr/bin/ld: 找不到 -lpthreads
collect2: error: ld returned 1 exit status
make[1]: *** [CMakeFiles/cmTC_47d3d.dir/build.make:99：cmTC_47d3d] 错误 1
make[1]: 离开目录“/home/frans/code/learn_slam/slam-/lio/chapter_1/build/CMakeFiles/CMakeTmp”
make: *** [Makefile:127：cmTC_47d3d/fast] 错误 2



